2026-07-06 21:31:50.337 | INFO     | scheduler:start_scheduler:190 | 
2026-07-06 21:31:50.337 | INFO     | scheduler:start_scheduler:191 | ╔══════════════════════════════════════════════════════╗
2026-07-06 21:31:50.337 | INFO     | scheduler:start_scheduler:192 | ║     URBAN INTELLIGENCE — DATA COLLECTION SCHEDULER  ║
2026-07-06 21:31:50.337 | INFO     | scheduler:start_scheduler:193 | ╚══════════════════════════════════════════════════════╝
2026-07-06 21:31:50.338 | INFO     | scheduler:start_scheduler:194 | 
2026-07-06 21:31:50.339 | INFO     | scheduler:start_scheduler:195 |   Study Area:  Sarjapur-Dommasandra-Varthur Belt, Bengaluru
2026-07-06 21:31:50.339 | INFO     | scheduler:start_scheduler:196 |   Center:      (12.905, 77.725)
2026-07-06 21:31:50.339 | INFO     | scheduler:start_scheduler:197 |   Points:      8 monitoring locations
2026-07-06 21:31:50.339 | INFO     | scheduler:start_scheduler:198 | 
2026-07-06 21:31:50.339 | INFO     | scheduler:start_scheduler:199 |   📅 Schedule:
2026-07-06 21:31:50.339 | INFO     | scheduler:start_scheduler:200 |      🚗 Traffic:      Every 5 minutes
2026-07-06 21:31:50.339 | INFO     | scheduler:start_scheduler:201 |      🌤️ Weather:      Every 15 minutes
2026-07-06 21:31:50.339 | INFO     | scheduler:start_scheduler:202 |      🌬️ Air Quality:  Every 30 minutes
2026-07-06 21:31:50.339 | INFO     | scheduler:start_scheduler:203 |      📊 Stats:        Every 30 minutes
2026-07-06 21:31:50.340 | INFO     | scheduler:start_scheduler:204 | 
2026-07-06 21:31:50.340 | INFO     | scheduler:start_scheduler:205 |   📁 Logs:     D:\GitHub_Works\Urban_Dashboard_Apr_21\Urban_Dashboard_Apr_21\logs
2026-07-06 21:31:50.340 | INFO     | scheduler:start_scheduler:206 |   📁 Backups:  D:\GitHub_Works\Urban_Dashboard_Apr_21\Urban_Dashboard_Apr_21\data\realtime
2026-07-06 21:31:50.340 | INFO     | scheduler:start_scheduler:207 | 
2026-07-06 21:31:50.340 | INFO     | scheduler:start_scheduler:208 |   Press Ctrl+C to stop the scheduler.
2026-07-06 21:31:50.340 | INFO     | scheduler:start_scheduler:209 | 
2026-07-06 21:31:50.377 | INFO     | scheduler:start_scheduler:277 | 🚀 Scheduler starting NOW...
2026-07-06 21:31:50.377 | INFO     | scheduler:start_scheduler:278 | 
2026-07-06 21:31:50.378 | INFO     | scheduler:job_collect_traffic:88 | 🚗 Traffic collection #1 starting...
2026-07-06 21:31:50.378 | INFO     | realtime_collector:collect_traffic:57 | ==================================================
2026-07-06 21:31:50.378 | INFO     | scheduler:job_collect_weather:114 | 🌤️ Weather collection #1 starting...
2026-07-06 21:31:50.379 | INFO     | realtime_collector:collect_traffic:58 | COLLECTING TRAFFIC DATA (TomTom)
2026-07-06 21:31:50.379 | INFO     | realtime_collector:collect_traffic:59 | ==================================================
2026-07-06 21:31:50.379 | INFO     | realtime_collector:collect_traffic:77 |   Querying: sarjapur_road_junction (12.9165, 77.675)
2026-07-06 21:31:50.379 | INFO     | realtime_collector:collect_weather:186 | ==================================================
2026-07-06 21:31:50.379 | INFO     | realtime_collector:collect_weather:187 | COLLECTING WEATHER DATA (OpenWeatherMap)
2026-07-06 21:31:50.379 | INFO     | scheduler:job_collect_air_quality:135 | 🌬️ Air quality collection #1 starting...
2026-07-06 21:31:50.379 | INFO     | realtime_collector:collect_weather:188 | ==================================================
2026-07-06 21:31:50.380 | INFO     | realtime_collector:collect_air_quality:284 | ==================================================
2026-07-06 21:31:50.380 | INFO     | realtime_collector:collect_weather:201 |   Querying weather for center: (12.905, 77.725)
2026-07-06 21:31:50.380 | INFO     | realtime_collector:collect_air_quality:285 | COLLECTING AIR QUALITY DATA (OpenWeatherMap)
2026-07-06 21:31:50.380 | INFO     | realtime_collector:collect_air_quality:286 | ==================================================
2026-07-06 21:31:50.380 | INFO     | realtime_collector:collect_air_quality:299 |   Querying air quality for center: (12.905, 77.725)
2026-07-06 21:31:50.611 | DEBUG    | operations:insert_weather_reading:212 | Weather reading inserted (ID: 114)
2026-07-06 21:31:50.613 | DEBUG    | operations:insert_air_quality_reading:265 | AQI reading inserted (ID: 66)
2026-07-06 21:31:50.612 | INFO     | realtime_collector:collect_weather:235 |     ✅ Temp: 22.9°C | Humidity: 87% | Wind: 8.31 m/s | Desc: overcast clouds
2026-07-06 21:31:50.613 | DEBUG    | realtime_collector:_save_snapshot:42 | Snapshot saved: weather_20260706_213150.json
2026-07-06 21:31:50.614 | INFO     | realtime_collector:collect_air_quality:342 |     ✅ AQI: 1 (Good) | PM2.5: 3.49 | PM10: 6.51 | NO2: 6.19 | O3: 40.71
2026-07-06 21:31:50.614 | INFO     | scheduler:job_collect_weather:119 | 🌤️ Weather collection #1 complete: ✅ Success
2026-07-06 21:31:50.615 | DEBUG    | realtime_collector:_save_snapshot:42 | Snapshot saved: air_quality_20260706_213150.json
2026-07-06 21:31:50.615 | INFO     | scheduler:job_collect_air_quality:140 | 🌬️ Air quality collection #1 complete: ✅ Success
